<?xml version="1.0" encoding="UTF-8"?>
<!-- Generated by org.testng.reporters.JUnitXMLReporter -->
<testsuite ignored="5" hostname="VS-INSPECTII2" failures="0" tests="5" name="Test desktop" time="66.356" errors="0" timestamp="2023-03-14T11:38:21 EET">
  <testcase classname="bogdanSandu.tests.tema8.tests.BaseTest" name="@BeforeMethod beforeMethodWithLogin" time="15.722">
    <failure type="org.openqa.selenium.remote.http.ConnectionFailedException" message="Unable to establish websocket connection to http://localhost:57949/devtools/browser/6a0a4f0d-7d36-4468-b9f7-cca31f4da1b4
Build info: version: &amp;apos;4.7.2&amp;apos;, revision: &amp;apos;4d4020c3b7&amp;apos;
System info: os.name: &amp;apos;Windows 10&amp;apos;, os.arch: &amp;apos;amd64&amp;apos;, os.version: &amp;apos;10.0&amp;apos;, java.version: &amp;apos;19.0.1&amp;apos;
Driver info: driver.version: ChromeDriver">
      <![CDATA[org.openqa.selenium.remote.http.ConnectionFailedException: Unable to establish websocket connection to http://localhost:57949/devtools/browser/6a0a4f0d-7d36-4468-b9f7-cca31f4da1b4
Build info: version: '4.7.2', revision: '4d4020c3b7'
System info: os.name: 'Windows 10', os.arch: 'amd64', os.version: '10.0', java.version: '19.0.1'
Driver info: driver.version: ChromeDriver
at org.openqa.selenium.remote.http.netty.NettyWebSocket.<init>(NettyWebSocket.java:102)
at org.openqa.selenium.remote.http.netty.NettyWebSocket.lambda$create$3(NettyWebSocket.java:128)
at org.openqa.selenium.remote.http.netty.NettyClient.openSocket(NettyClient.java:107)
at org.openqa.selenium.devtools.Connection.<init>(Connection.java:78)
at org.openqa.selenium.chromium.ChromiumDriver.lambda$new$2(ChromiumDriver.java:116)
at java.base/java.util.Optional.map(Optional.java:260)
at org.openqa.selenium.chromium.ChromiumDriver.<init>(ChromiumDriver.java:114)
at org.openqa.selenium.chrome.ChromeDriver.<init>(ChromeDriver.java:82)
at org.openqa.selenium.chrome.ChromeDriver.<init>(ChromeDriver.java:71)
at bogdanSandu.driver.BrowserManager.getChromeDriverForDesktop(BrowserManager.java:23)
at bogdanSandu.tests.tema8.tests.BaseTest.beforeMethodWithLogin(BaseTest.java:16)
at java.base/java.util.ArrayList.forEach(ArrayList.java:1511)
... Removed 33 stack frames]]>
    </failure>
  </testcase> <!-- @BeforeMethod beforeMethodWithLogin -->
  <testcase classname="bogdanSandu.tests.tema8.tests.BaseTest" name="@BeforeMethod beforeMethodWithLogin" time="9.17">
    <failure type="org.openqa.selenium.remote.http.ConnectionFailedException" message="Unable to establish websocket connection to http://localhost:57970/devtools/browser/37ffb221-62f5-43d3-afce-cf76a23bccb4
Build info: version: &amp;apos;4.7.2&amp;apos;, revision: &amp;apos;4d4020c3b7&amp;apos;
System info: os.name: &amp;apos;Windows 10&amp;apos;, os.arch: &amp;apos;amd64&amp;apos;, os.version: &amp;apos;10.0&amp;apos;, java.version: &amp;apos;19.0.1&amp;apos;
Driver info: driver.version: ChromeDriver">
      <![CDATA[org.openqa.selenium.remote.http.ConnectionFailedException: Unable to establish websocket connection to http://localhost:57970/devtools/browser/37ffb221-62f5-43d3-afce-cf76a23bccb4
Build info: version: '4.7.2', revision: '4d4020c3b7'
System info: os.name: 'Windows 10', os.arch: 'amd64', os.version: '10.0', java.version: '19.0.1'
Driver info: driver.version: ChromeDriver
at org.openqa.selenium.remote.http.netty.NettyWebSocket.<init>(NettyWebSocket.java:102)
at org.openqa.selenium.remote.http.netty.NettyWebSocket.lambda$create$3(NettyWebSocket.java:128)
at org.openqa.selenium.remote.http.netty.NettyClient.openSocket(NettyClient.java:107)
at org.openqa.selenium.devtools.Connection.<init>(Connection.java:78)
at org.openqa.selenium.chromium.ChromiumDriver.lambda$new$2(ChromiumDriver.java:116)
at java.base/java.util.Optional.map(Optional.java:260)
at org.openqa.selenium.chromium.ChromiumDriver.<init>(ChromiumDriver.java:114)
at org.openqa.selenium.chrome.ChromeDriver.<init>(ChromeDriver.java:82)
at org.openqa.selenium.chrome.ChromeDriver.<init>(ChromeDriver.java:71)
at bogdanSandu.driver.BrowserManager.getChromeDriverForDesktop(BrowserManager.java:23)
at bogdanSandu.tests.tema8.tests.BaseTest.beforeMethodWithLogin(BaseTest.java:16)
at java.base/java.util.ArrayList.forEach(ArrayList.java:1511)
... Removed 33 stack frames]]>
    </failure>
  </testcase> <!-- @BeforeMethod beforeMethodWithLogin -->
  <testcase classname="bogdanSandu.tests.tema8.tests.BaseTest" name="@BeforeMethod beforeMethodWithLogin" time="11.353">
    <failure type="org.openqa.selenium.remote.http.ConnectionFailedException" message="Unable to establish websocket connection to http://localhost:57989/devtools/browser/43f8b26a-6c8e-4250-87e7-32e6af7099b5
Build info: version: &amp;apos;4.7.2&amp;apos;, revision: &amp;apos;4d4020c3b7&amp;apos;
System info: os.name: &amp;apos;Windows 10&amp;apos;, os.arch: &amp;apos;amd64&amp;apos;, os.version: &amp;apos;10.0&amp;apos;, java.version: &amp;apos;19.0.1&amp;apos;
Driver info: driver.version: ChromeDriver">
      <![CDATA[org.openqa.selenium.remote.http.ConnectionFailedException: Unable to establish websocket connection to http://localhost:57989/devtools/browser/43f8b26a-6c8e-4250-87e7-32e6af7099b5
Build info: version: '4.7.2', revision: '4d4020c3b7'
System info: os.name: 'Windows 10', os.arch: 'amd64', os.version: '10.0', java.version: '19.0.1'
Driver info: driver.version: ChromeDriver
at org.openqa.selenium.remote.http.netty.NettyWebSocket.<init>(NettyWebSocket.java:102)
at org.openqa.selenium.remote.http.netty.NettyWebSocket.lambda$create$3(NettyWebSocket.java:128)
at org.openqa.selenium.remote.http.netty.NettyClient.openSocket(NettyClient.java:107)
at org.openqa.selenium.devtools.Connection.<init>(Connection.java:78)
at org.openqa.selenium.chromium.ChromiumDriver.lambda$new$2(ChromiumDriver.java:116)
at java.base/java.util.Optional.map(Optional.java:260)
at org.openqa.selenium.chromium.ChromiumDriver.<init>(ChromiumDriver.java:114)
at org.openqa.selenium.chrome.ChromeDriver.<init>(ChromeDriver.java:82)
at org.openqa.selenium.chrome.ChromeDriver.<init>(ChromeDriver.java:71)
at bogdanSandu.driver.BrowserManager.getChromeDriverForDesktop(BrowserManager.java:23)
at bogdanSandu.tests.tema8.tests.BaseTest.beforeMethodWithLogin(BaseTest.java:16)
at java.base/java.util.ArrayList.forEach(ArrayList.java:1511)
... Removed 33 stack frames]]>
    </failure>
  </testcase> <!-- @BeforeMethod beforeMethodWithLogin -->
  <testcase classname="bogdanSandu.tests.tema8.tests.BaseTest" name="@BeforeMethod beforeMethodWithLogin" time="20.186">
    <failure type="org.openqa.selenium.remote.http.ConnectionFailedException" message="Unable to establish websocket connection to http://localhost:58015/devtools/browser/c470d30a-dd87-48a6-b12b-f579abd3701b
Build info: version: &amp;apos;4.7.2&amp;apos;, revision: &amp;apos;4d4020c3b7&amp;apos;
System info: os.name: &amp;apos;Windows 10&amp;apos;, os.arch: &amp;apos;amd64&amp;apos;, os.version: &amp;apos;10.0&amp;apos;, java.version: &amp;apos;19.0.1&amp;apos;
Driver info: driver.version: ChromeDriver">
      <![CDATA[org.openqa.selenium.remote.http.ConnectionFailedException: Unable to establish websocket connection to http://localhost:58015/devtools/browser/c470d30a-dd87-48a6-b12b-f579abd3701b
Build info: version: '4.7.2', revision: '4d4020c3b7'
System info: os.name: 'Windows 10', os.arch: 'amd64', os.version: '10.0', java.version: '19.0.1'
Driver info: driver.version: ChromeDriver
at org.openqa.selenium.remote.http.netty.NettyWebSocket.<init>(NettyWebSocket.java:102)
at org.openqa.selenium.remote.http.netty.NettyWebSocket.lambda$create$3(NettyWebSocket.java:128)
at org.openqa.selenium.remote.http.netty.NettyClient.openSocket(NettyClient.java:107)
at org.openqa.selenium.devtools.Connection.<init>(Connection.java:78)
at org.openqa.selenium.chromium.ChromiumDriver.lambda$new$2(ChromiumDriver.java:116)
at java.base/java.util.Optional.map(Optional.java:260)
at org.openqa.selenium.chromium.ChromiumDriver.<init>(ChromiumDriver.java:114)
at org.openqa.selenium.chrome.ChromeDriver.<init>(ChromeDriver.java:82)
at org.openqa.selenium.chrome.ChromeDriver.<init>(ChromeDriver.java:71)
at bogdanSandu.driver.BrowserManager.getChromeDriverForDesktop(BrowserManager.java:23)
at bogdanSandu.tests.tema8.tests.BaseTest.beforeMethodWithLogin(BaseTest.java:16)
at java.base/java.util.ArrayList.forEach(ArrayList.java:1511)
... Removed 33 stack frames]]>
    </failure>
  </testcase> <!-- @BeforeMethod beforeMethodWithLogin -->
  <testcase classname="bogdanSandu.tests.tema8.tests.BaseTest" name="@BeforeMethod beforeMethodWithLogin" time="9.779">
    <failure type="org.openqa.selenium.remote.http.ConnectionFailedException" message="Unable to establish websocket connection to http://localhost:58036/devtools/browser/818468d4-cbd5-4fd7-ad55-e969a0f0dd7c
Build info: version: &amp;apos;4.7.2&amp;apos;, revision: &amp;apos;4d4020c3b7&amp;apos;
System info: os.name: &amp;apos;Windows 10&amp;apos;, os.arch: &amp;apos;amd64&amp;apos;, os.version: &amp;apos;10.0&amp;apos;, java.version: &amp;apos;19.0.1&amp;apos;
Driver info: driver.version: ChromeDriver">
      <![CDATA[org.openqa.selenium.remote.http.ConnectionFailedException: Unable to establish websocket connection to http://localhost:58036/devtools/browser/818468d4-cbd5-4fd7-ad55-e969a0f0dd7c
Build info: version: '4.7.2', revision: '4d4020c3b7'
System info: os.name: 'Windows 10', os.arch: 'amd64', os.version: '10.0', java.version: '19.0.1'
Driver info: driver.version: ChromeDriver
at org.openqa.selenium.remote.http.netty.NettyWebSocket.<init>(NettyWebSocket.java:102)
at org.openqa.selenium.remote.http.netty.NettyWebSocket.lambda$create$3(NettyWebSocket.java:128)
at org.openqa.selenium.remote.http.netty.NettyClient.openSocket(NettyClient.java:107)
at org.openqa.selenium.devtools.Connection.<init>(Connection.java:78)
at org.openqa.selenium.chromium.ChromiumDriver.lambda$new$2(ChromiumDriver.java:116)
at java.base/java.util.Optional.map(Optional.java:260)
at org.openqa.selenium.chromium.ChromiumDriver.<init>(ChromiumDriver.java:114)
at org.openqa.selenium.chrome.ChromeDriver.<init>(ChromeDriver.java:82)
at org.openqa.selenium.chrome.ChromeDriver.<init>(ChromeDriver.java:71)
at bogdanSandu.driver.BrowserManager.getChromeDriverForDesktop(BrowserManager.java:23)
at bogdanSandu.tests.tema8.tests.BaseTest.beforeMethodWithLogin(BaseTest.java:16)
at java.base/java.util.ArrayList.forEach(ArrayList.java:1511)
... Removed 33 stack frames]]>
    </failure>
  </testcase> <!-- @BeforeMethod beforeMethodWithLogin -->
  <testcase classname="bogdanSandu.tests.tema8.tests.BasicAjaxPageTest" name="codeItInTestForDesktop" time="0.0">
    <skipped/>
  </testcase> <!-- codeItInTestForDesktop -->
  <testcase classname="bogdanSandu.tests.tema8.tests.RedirectTest" name="redirectButtonsTestForDesktop" time="0.0">
    <skipped/>
  </testcase> <!-- redirectButtonsTestForDesktop -->
  <testcase classname="bogdanSandu.tests.tema8.tests.RefreshTest" name="refreshTestForDesktop" time="0.0">
    <skipped/>
  </testcase> <!-- refreshTestForDesktop -->
  <testcase classname="bogdanSandu.tests.tema8.tests.DynamicButtonsSimplePageTest" name="dynamicButtonsTestForDesktop" time="0.001">
    <skipped/>
  </testcase> <!-- dynamicButtonsTestForDesktop -->
  <testcase classname="bogdanSandu.tests.tema8.tests.DynamicButtonsDisabledPageTest" name="dynamicButtonDisabledTestForDesktop" time="0.0">
    <skipped/>
  </testcase> <!-- dynamicButtonDisabledTestForDesktop -->
  <testcase classname="bogdanSandu.tests.tema8.tests.RefreshTest" name="refreshTestForMobile" time="0.0">
    <ignored/>
  </testcase> <!-- refreshTestForMobile -->
  <testcase classname="bogdanSandu.tests.tema8.tests.RedirectTest" name="redirectButtonsTestForMobile" time="0.0">
    <ignored/>
  </testcase> <!-- redirectButtonsTestForMobile -->
  <testcase classname="bogdanSandu.tests.tema8.tests.BasicAjaxPageTest" name="codeItInTestForMobile" time="0.0">
    <ignored/>
  </testcase> <!-- codeItInTestForMobile -->
  <testcase classname="bogdanSandu.tests.tema8.tests.DynamicButtonsSimplePageTest" name="dynamicButtonsTestForMobile" time="0.0">
    <ignored/>
  </testcase> <!-- dynamicButtonsTestForMobile -->
  <testcase classname="bogdanSandu.tests.tema8.tests.DynamicButtonsDisabledPageTest" name="dynamicButtonDisabledTestForMobile" time="0.0">
    <ignored/>
  </testcase> <!-- dynamicButtonDisabledTestForMobile -->
</testsuite> <!-- Test desktop -->
